<?xml version="1.0" encoding="UTF-8"?>
<testng-results ignored="0" total="1" passed="1" failed="0" skipped="0">
  <reporter-output>
  </reporter-output>
  <suite started-at="2024-07-17T15:28:59 IST" name="Suite" finished-at="2024-07-17T15:29:19 IST" duration-ms="19439">
    <groups>
    </groups>
    <test started-at="2024-07-17T15:28:59 IST" name="Test" finished-at="2024-07-17T15:29:19 IST" duration-ms="19439">
      <class name="com.adactinhotelapp.testscripts.ValidateLoginUsingPOMandDataProvider">
        <test-method is-config="true" signature="setUp()[pri:0, instance:com.adactinhotelapp.testscripts.ValidateLoginUsingPOMandDataProvider@3e08ff24]" started-at="2024-07-17T15:29:00 IST" name="setUp" finished-at="2024-07-17T15:29:00 IST" duration-ms="455" status="PASS">
          <reporter-output>
          </reporter-output>
        </test-method> <!-- setUp -->
        <test-method is-config="true" signature="setUp(org.testng.ITestContext)[pri:0, instance:com.adactinhotelapp.testscripts.ValidateLoginUsingPOMandDataProvider@3e08ff24]" started-at="2024-07-17T15:29:01 IST" name="setUp" finished-at="2024-07-17T15:29:16 IST" duration-ms="14805" status="PASS">
          <params>
            <param index="0">
              <value>
                <![CDATA[org.testng.TestRunner@265c1a7c]]>
              </value>
            </param>
          </params>
          <reporter-output>
          </reporter-output>
        </test-method> <!-- setUp -->
        <test-method signature="validateLoginTest(java.util.HashMap)[pri:0, instance:com.adactinhotelapp.testscripts.ValidateLoginUsingPOMandDataProvider@3e08ff24]" started-at="2024-07-17T15:29:16 IST" name="validateLoginTest" data-provider="getData" finished-at="2024-07-17T15:29:18 IST" duration-ms="2001" status="PASS">
          <params>
            <param index="0">
              <value>
                <![CDATA[{expTitle=Adactin.com - Search Hotel, password=reyaz123, username=reyaz0806}]]>
              </value>
            </param>
          </params>
          <reporter-output>
          </reporter-output>
        </test-method> <!-- validateLoginTest -->
        <test-method is-config="true" signature="teardown()[pri:0, instance:com.adactinhotelapp.testscripts.ValidateLoginUsingPOMandDataProvider@3e08ff24]" started-at="2024-07-17T15:29:18 IST" name="teardown" finished-at="2024-07-17T15:29:18 IST" duration-ms="267" status="PASS">
          <reporter-output>
          </reporter-output>
        </test-method> <!-- teardown -->
        <test-method is-config="true" signature="closeReports()[pri:0, instance:com.adactinhotelapp.testscripts.ValidateLoginUsingPOMandDataProvider@3e08ff24]" started-at="2024-07-17T15:29:18 IST" name="closeReports" finished-at="2024-07-17T15:29:19 IST" duration-ms="854" status="PASS">
          <reporter-output>
          </reporter-output>
        </test-method> <!-- closeReports -->
      </class> <!-- com.adactinhotelapp.testscripts.ValidateLoginUsingPOMandDataProvider -->
    </test> <!-- Test -->
  </suite> <!-- Suite -->
</testng-results>
